<?xml version="1.0" encoding="UTF-8"?>
<!-- Generated by org.testng.reporters.JUnitXMLReporter -->
<testsuite hostname="DESKTOP-E5Q88GK" ignored="0" name="Default test" tests="1" failures="0" timestamp="2022-12-30T11:47:13 IST" time="40.748" errors="0">
  <testcase name="verifySearchResultForPoloMen" time="19.311" classname="com.myframework.ProductTests"/>
<testsuite ignored="0" hostname="DESKTOP-QCKGHN1" failures="0" tests="1" name="Default test" time="13.317" errors="0" timestamp="2022-12-29T22:49:53 IST">
  <testcase classname="com.myframework.newClass" name="verifySearchResultForPoloWomen" time="8.236"/>
</testsuite> <!-- Default test -->
