<?xml version="1.0" encoding="UTF-8"?>
<testng-results skipped="0" failed="0" ignored="0" total="1" passed="1">
  <reporter-output>
  </reporter-output>
  <suite name="Default suite" duration-ms="40748" started-at="2022-12-30T11:46:32 IST" finished-at="2022-12-30T11:47:13 IST">
    <groups>
    </groups>
    <test name="Default test" duration-ms="40748" started-at="2022-12-30T11:46:32 IST" finished-at="2022-12-30T11:47:13 IST">
      <class name="com.myframework.ProductTests">
        <test-method status="PASS" signature="setUP(java.lang.String)[pri:0, instance:com.myframework.ProductTests@15bfd87]" name="setUP" is-config="true" duration-ms="21333" started-at="2022-12-30T11:46:32 IST" finished-at="2022-12-30T11:46:54 IST">
          <params>
            <param index="0">
              <value is-null="true"/>
            </param>
          </params>
          <reporter-output>
          </reporter-output>
        </test-method> <!-- setUP -->
        <test-method status="PASS" signature="verifySearchResultForPoloMen()[pri:0, instance:com.myframework.ProductTests@15bfd87]" name="verifySearchResultForPoloMen" duration-ms="19311" started-at="2022-12-30T11:46:54 IST" finished-at="2022-12-30T11:47:13 IST">
          <reporter-output>
          </reporter-output>
        </test-method> <!-- verifySearchResultForPoloMen -->
      </class> <!-- com.myframework.ProductTests -->
    </test> <!-- Default test -->
  </suite> <!-- Default suite -->
</testng-results>
