<?xml version="1.0" encoding="UTF-8"?>
<testng-results ignored="0" total="1" passed="1" failed="0" skipped="0">
  <reporter-output>
  </reporter-output>
  <suite started-at="2022-12-29T22:49:40 IST" name="Default suite" finished-at="2022-12-29T22:49:53 IST" duration-ms="13317">
    <groups>
    </groups>
    <test started-at="2022-12-29T22:49:40 IST" name="Default test" finished-at="2022-12-29T22:49:53 IST" duration-ms="13317">
      <class name="com.myframework.newClass">
        <test-method is-config="true" signature="setUP(java.lang.String)[pri:0, instance:com.myframework.newClass@a38c7fe]" started-at="2022-12-29T22:49:40 IST" name="setUP" finished-at="2022-12-29T22:49:45 IST" duration-ms="5025" status="PASS">
          <params>
            <param index="0">
              <value is-null="true"/>
            </param>
          </params>
          <reporter-output>
          </reporter-output>
        </test-method> <!-- setUP -->
        <test-method signature="verifySearchResultForPoloWomen()[pri:0, instance:com.myframework.newClass@a38c7fe]" started-at="2022-12-29T22:49:45 IST" name="verifySearchResultForPoloWomen" finished-at="2022-12-29T22:49:53 IST" duration-ms="8236" status="PASS">
          <reporter-output>
          </reporter-output>
        </test-method> <!-- verifySearchResultForPoloWomen -->
      </class> <!-- com.myframework.newClass -->
    </test> <!-- Default test -->
  </suite> <!-- Default suite -->
</testng-results>
